<?xml version="1.0" encoding="UTF-8"?>
<!-- Generated by org.testng.reporters.JUnitReportReporter -->
<testsuite hostname="DESKTOP-BJN8EPF" name="RunMultipleGroups.GroupTest1" tests="3" failures="0" timestamp="29 Sep 2024 11:18:26 GMT" time="0.003" errors="0">
  <testcase name="logout_Account" time="0.002" classname="RunMultipleGroups.GroupTest1"/>
  <testcase name="checkPromosions" time="0.000" classname="RunMultipleGroups.GroupTest1"/>
  <testcase name="checkAccountDetailes" time="0.001" classname="RunMultipleGroups.GroupTest1"/>
</testsuite> <!-- RunMultipleGroups.GroupTest1 -->
