<?xml version="1.0" encoding="UTF-8"?>
<!-- Generated by org.testng.reporters.JUnitReportReporter -->
<testsuite hostname="DESKTOP-JI5UJPF" name="Healthcare.com.Healthcare.Core.WriteXLS" tests="1" failures="0" timestamp="23 Jul 2024 13:38:17 GMT" time="1.925" errors="0">
  <testcase name="main" time="1.925" classname="Healthcare.com.Healthcare.Core.WriteXLS"/>
</testsuite> <!-- Healthcare.com.Healthcare.Core.WriteXLS -->
