<?xml version="1.0" encoding="UTF-8"?>
<!-- Generated by org.testng.reporters.JUnitReportReporter -->
<testsuite hostname="DESKTOP-BJN8EPF" name="Healthcare.com.Healthcare.Core.ParameterizedTesting" tests="3" failures="0" timestamp="30 Sep 2024 08:17:25 GMT" time="0.017" errors="0">
  <testcase name="testCaseOne" time="0.010" classname="Healthcare.com.Healthcare.Core.ParameterizedTesting"/>
  <testcase name="testCaseThree" time="0.005" classname="Healthcare.com.Healthcare.Core.ParameterizedTesting"/>
  <testcase name="testCaseTwo" time="0.002" classname="Healthcare.com.Healthcare.Core.ParameterizedTesting"/>
</testsuite> <!-- Healthcare.com.Healthcare.Core.ParameterizedTesting -->
