<?xml version="1.0" encoding="UTF-8"?>
<!-- Generated by org.testng.reporters.JUnitReportReporter -->
<testsuite hostname="DESKTOP-JI5UJPF" name="Healthcare.com.Healthcare.Core.ReadPropertyFile" tests="1" failures="0" timestamp="23 Jul 2024 05:45:38 GMT" time="6.426" errors="0">
  <testcase name="Login" time="6.426" classname="Healthcare.com.Healthcare.Core.ReadPropertyFile"/>
</testsuite> <!-- Healthcare.com.Healthcare.Core.ReadPropertyFile -->
