<?xml version="1.0" encoding="UTF-8"?>
<!-- Generated by org.testng.reporters.JUnitReportReporter -->
<testsuite hostname="DESKTOP-BJN8EPF" name="RunMultipleGroups.GroupTest2" tests="1" failures="0" timestamp="29 Sep 2024 11:18:26 GMT" time="0.020" errors="0">
  <testcase name="check_Draft" time="0.020" classname="RunMultipleGroups.GroupTest2"/>
</testsuite> <!-- RunMultipleGroups.GroupTest2 -->
