<?xml version="1.0" encoding="UTF-8"?>
<!-- Generated by org.testng.reporters.JUnitReportReporter -->
<testsuite hostname="DESKTOP-BJN8EPF" name="Healthcare.com.Healthcare.Core.MultipleCustomerLoginTest" tests="2" failures="0" timestamp="20 Oct 2024 08:27:21 GMT" time="59.734" errors="0">
  <testcase name="loginTest_TC1" time="59.350" classname="Healthcare.com.Healthcare.Core.MultipleCustomerLoginTest"/>
  <testcase name="selectDropDownValues" time="0.384" classname="Healthcare.com.Healthcare.Core.MultipleCustomerLoginTest"/>
</testsuite> <!-- Healthcare.com.Healthcare.Core.MultipleCustomerLoginTest -->
